<?xml version="1.0" encoding="UTF-8"?>
<!-- Generated by org.testng.reporters.JUnitXMLReporter -->
<testsuite hostname="DESKTOP-OU6D541" ignored="2" name="Regression Test" tests="2" failures="1" timestamp="2020-05-30T14:43:46 EDT" time="13.141" errors="0">
  <testcase name="emptyUsernameLogin" time="0.403" classname="com.hrms.testcases.LoginTest"/>
  <testcase name="invalidPasswordLogin" time="1.237" classname="com.hrms.testcases.LoginTest">
    <failure type="java.lang.AssertionError" message="Error message text is not matched expected [Invalid credential] but found [Invalid credentials]">
      <![CDATA[java.lang.AssertionError: Error message text is not matched expected [Invalid credential] but found [Invalid credentials]
at com.hrms.testcases.LoginTest.invalidPasswordLogin(LoginTest.java:34)
at java.util.ArrayList.forEach(Unknown Source)
... Removed 31 stack frames]]>
    </failure>
  </testcase> <!-- invalidPasswordLogin -->
  <testcase name="validAdminLogin" time="0.0" classname="com.hrms.testcases.LoginTest">
    <ignored/>
  </testcase> <!-- validAdminLogin -->
  <testcase name="addEmployeePage" time="0.0" classname="com.hrms.testcases.AddEmployeeTest">
    <ignored/>
  </testcase> <!-- addEmployeePage -->
</testsuite> <!-- Regression Test -->
