<?xml version="1.0" encoding="UTF-8"?>
<testng-results skipped="0" failed="0" ignored="4" total="5" passed="1">
  <reporter-output>
  </reporter-output>
  <suite name="Smoke Suite" duration-ms="11820" started-at="2020-06-01T22:44:30 EDT" finished-at="2020-06-01T22:44:41 EDT">
    <groups>
      <group name="smoke">
        <method signature="LoginTest.validAdminLogin()[pri:0, instance:com.hrms.testcases.LoginTest@78e67e0a]" name="validAdminLogin" class="com.hrms.testcases.LoginTest"/>
      </group> <!-- smoke -->
    </groups>
    <test name="Smoke Test" duration-ms="11820" started-at="2020-06-01T22:44:30 EDT" finished-at="2020-06-01T22:44:41 EDT">
      <class name="com.hrms.testcases.LoginTest">
        <test-method status="PASS" signature="setUp()[pri:0, instance:com.hrms.testcases.LoginTest@78e67e0a]" name="setUp" is-config="true" duration-ms="6117" started-at="2020-06-01T22:44:30 EDT" finished-at="2020-06-01T22:44:36 EDT">
          <reporter-output>
          </reporter-output>
        </test-method> <!-- setUp -->
        <test-method status="PASS" signature="validAdminLogin()[pri:0, instance:com.hrms.testcases.LoginTest@78e67e0a]" name="validAdminLogin" duration-ms="2620" started-at="2020-06-01T22:44:36 EDT" finished-at="2020-06-01T22:44:39 EDT">
          <reporter-output>
          </reporter-output>
        </test-method> <!-- validAdminLogin -->
        <test-method status="PASS" signature="tearDown()[pri:0, instance:com.hrms.testcases.LoginTest@78e67e0a]" name="tearDown" is-config="true" duration-ms="989" started-at="2020-06-01T22:44:40 EDT" finished-at="2020-06-01T22:44:41 EDT">
          <reporter-output>
          </reporter-output>
        </test-method> <!-- tearDown -->
      </class> <!-- com.hrms.testcases.LoginTest -->
      <class name="com.hrms.testcases.AddEmployeeTest">
        <test-method status="PASS" signature="generateReport()[pri:0, instance:com.hrms.testcases.AddEmployeeTest@30a3107a]" name="generateReport" is-config="true" duration-ms="190" started-at="2020-06-01T22:44:30 EDT" finished-at="2020-06-01T22:44:30 EDT">
          <reporter-output>
          </reporter-output>
        </test-method> <!-- generateReport -->
        <test-method status="PASS" signature="writeReport()[pri:0, instance:com.hrms.testcases.AddEmployeeTest@30a3107a]" name="writeReport" is-config="true" duration-ms="519" started-at="2020-06-01T22:44:41 EDT" finished-at="2020-06-01T22:44:41 EDT">
          <reporter-output>
          </reporter-output>
        </test-method> <!-- writeReport -->
      </class> <!-- com.hrms.testcases.AddEmployeeTest -->
    </test> <!-- Smoke Test -->
  </suite> <!-- Smoke Suite -->
</testng-results>
